<?xml version="1.0" encoding="utf-8"?><testsuites name="pytest tests"><testsuite name="pytest" errors="0" failures="0" skipped="0" tests="35" time="6.463" timestamp="2026-07-12T23:31:08.864141+00:00" hostname="agent-env-34067f5a-97e4-495a-a99f-c95cb3bd011f"><testcase classname="backend.tests.backend_test.TestConfig" name="test_root" time="0.250" /><testcase classname="backend.tests.backend_test.TestConfig" name="test_config" time="0.103" /><testcase classname="backend.tests.backend_test.TestConfig" name="test_payments_status" time="0.116" /><testcase classname="backend.tests.backend_test.TestField" name="test_field" time="0.093" /><testcase classname="backend.tests.backend_test.TestField" name="test_location_santa_fe" time="0.094" /><testcase classname="backend.tests.backend_test.TestField" name="test_list_circles" time="0.094" /><testcase classname="backend.tests.backend_test.TestField" name="test_circle_detail_public" time="0.097" /><testcase classname="backend.tests.backend_test.TestField" name="test_meetings_upcoming" time="0.122" /><testcase classname="backend.tests.backend_test.TestAuth" name="test_login_organizer" time="0.348" /><testcase classname="backend.tests.backend_test.TestAuth" name="test_login_bad_password" time="0.332" /><testcase classname="backend.tests.backend_test.TestAuth" name="test_me" time="0.508" /><testcase classname="backend.tests.backend_test.TestAuth" name="test_me_unauth" time="0.108" /><testcase classname="backend.tests.backend_test.TestAuth" name="test_register_and_logout" time="0.535" /><testcase classname="backend.tests.backend_test.TestAuth" name="test_admin_moderator_role" time="0.428" /><testcase classname="backend.tests.backend_test.TestRsvpFlow" name="test_00_pre_state_public" time="0.192" /><testcase classname="backend.tests.backend_test.TestRsvpFlow" name="test_01_member_rsvp_pending" time="0.205" /><testcase classname="backend.tests.backend_test.TestRsvpFlow" name="test_02_organizer_sees_pending_notification" time="0.097" /><testcase classname="backend.tests.backend_test.TestRsvpFlow" name="test_03_organizer_lists_rsvps" time="0.098" /><testcase classname="backend.tests.backend_test.TestRsvpFlow" name="test_04_approve_rsvp" time="0.672" /><testcase classname="backend.tests.backend_test.TestRsvpFlow" name="test_05_member_sees_exact_location" time="0.102" /><testcase classname="backend.tests.backend_test.TestRsvpFlow" name="test_06_duplicate_rsvp_is_idempotent" time="0.103" /><testcase classname="backend.tests.backend_test.TestOrganizer" name="test_create_circle" time="0.103" /><testcase classname="backend.tests.backend_test.TestOrganizer" name="test_schedule_meeting" time="0.099" /><testcase classname="backend.tests.backend_test.TestOrganizer" name="test_organize_list" time="0.105" /><testcase classname="backend.tests.backend_test.TestOrganizer" name="test_non_organizer_cannot_schedule" time="0.113" /><testcase classname="backend.tests.backend_test.TestCalendar" name="test_ics_public_hides_exact" time="0.093" /><testcase classname="backend.tests.backend_test.TestCalendar" name="test_ics_reveal_for_approved" time="0.096" /><testcase classname="backend.tests.backend_test.TestCalendar" name="test_google_url" time="0.096" /><testcase classname="backend.tests.backend_test.TestResources" name="test_list_resources" time="0.091" /><testcase classname="backend.tests.backend_test.TestResources" name="test_filter_national" time="0.134" /><testcase classname="backend.tests.backend_test.TestResources" name="test_submit_resource" time="0.099" /><testcase classname="backend.tests.backend_test.TestResources" name="test_pending_requires_moderator" time="0.100" /><testcase classname="backend.tests.backend_test.TestResources" name="test_moderator_lists_and_approves" time="0.198" /><testcase classname="backend.tests.backend_test.TestNotifications" name="test_list_notifications" time="0.093" /><testcase classname="backend.tests.backend_test.TestNotifications" name="test_read_all" time="0.197" /></testsuite></testsuites>